Сборка начата 13.03.2024 1:27:35.
Уровень детализации журнала: Normal.     1>Проект "D:\Денис\2 сем\асд\laba2\binary_search\binary_search.vcxproj" в узле 2 (целевые объекты Build).
     1>PrepareForBuild:
         Структурированный вывод включен. Форматирование диагностики компилятора будет отражать иерархию ошибок. Подробнее см. https://aka.ms/cpp/structured-output.
       InitializeBuildStatus:
         Создание "x64\Debug\binary_search.tlog\unsuccessfulbuild", так как было задано "AlwaysCreate".
         Обращение к "x64\Debug\binary_search.tlog\unsuccessfulbuild".
       ClCompile:
         C:\Program Files\Microsoft Visual Studio\2022\Community\VC\Tools\MSVC\14.38.33130\bin\HostX64\x64\CL.exe /c /ZI /JMC /nologo /W3 /WX- /diagnostics:column /sdl /Od /D _DEBUG /D _CONSOLE /D _UNICODE /D UNICODE /Gm- /EHsc /RTC1 /MDd /GS /fp:precise /Zc:wchar_t /Zc:forScope /Zc:inline /permissive- /Fo"x64\Debug\\" /Fd"x64\Debug\vc143.pdb" /external:W3 /Gd /TP /FC /errorReport:prompt binary_search.cpp
         binary_search.cpp
       Link:
         C:\Program Files\Microsoft Visual Studio\2022\Community\VC\Tools\MSVC\14.38.33130\bin\HostX64\x64\link.exe /ERRORREPORT:PROMPT /OUT:"D:\Денис\2 сем\асд\laba2\x64\Debug\binary_search.exe" /INCREMENTAL /ILK:"x64\Debug\binary_search.ilk" /NOLOGO kernel32.lib user32.lib gdi32.lib winspool.lib comdlg32.lib advapi32.lib shell32.lib ole32.lib oleaut32.lib uuid.lib odbc32.lib odbccp32.lib /MANIFEST /MANIFESTUAC:"level='asInvoker' uiAccess='false'" /manifest:embed /DEBUG /PDB:"D:\Денис\2 сем\асд\laba2\x64\Debug\binary_search.pdb" /SUBSYSTEM:CONSOLE /TLBID:1 /DYNAMICBASE /NXCOMPAT /IMPLIB:"D:\Денис\2 сем\асд\laba2\x64\Debug\binary_search.lib" /MACHINE:X64 x64\Debug\binary_search.obj
         binary_search.vcxproj -> D:\Денис\2 сем\асд\laba2\x64\Debug\binary_search.exe
       FinalizeBuildStatus:
         Файл "x64\Debug\binary_search.tlog\unsuccessfulbuild" удаляется.
         Обращение к "x64\Debug\binary_search.tlog\binary_search.lastbuildstate".
     1>Сборка проекта "D:\Денис\2 сем\асд\laba2\binary_search\binary_search.vcxproj" завершена (целевые объекты Build).

Сборка успешно завершена.
    Предупреждений: 0
    Ошибок: 0

Прошло времени 00:00:00.74
