Сборка начата 06.03.2024 23:59:50.
Уровень детализации журнала: Normal.     1>Проект "D:\Денис\2 сем\асд\laba3\sort_mas\sort_mas.vcxproj" в узле 2 (целевые объекты Build).
     1>PrepareForBuild:
         Структурированный вывод включен. Форматирование диагностики компилятора будет отражать иерархию ошибок. Подробнее см. https://aka.ms/cpp/structured-output.
       InitializeBuildStatus:
         Обращение к "x64\Debug\sort_mas.tlog\unsuccessfulbuild".
       ClCompile:
         C:\Program Files\Microsoft Visual Studio\2022\Community\VC\Tools\MSVC\14.38.33130\bin\HostX64\x64\CL.exe /c /ZI /JMC /nologo /W3 /WX- /diagnostics:column /sdl /Od /D _DEBUG /D _CONSOLE /D _UNICODE /D UNICODE /Gm- /EHsc /RTC1 /MDd /GS /fp:precise /Zc:wchar_t /Zc:forScope /Zc:inline /permissive- /Fo"x64\Debug\\" /Fd"x64\Debug\vc143.pdb" /external:W3 /Gd /TP /FC /errorReport:prompt sort_mas.cpp
         sort_mas.cpp
     1>D:\Денис\2 сем\асд\laba3\sort_mas\sort_mas.cpp(39,12): warning C4244: аргумент: преобразование "time_t" в "unsigned int", возможна потеря данных
       Link:
         C:\Program Files\Microsoft Visual Studio\2022\Community\VC\Tools\MSVC\14.38.33130\bin\HostX64\x64\link.exe /ERRORREPORT:PROMPT /OUT:"D:\Денис\2 сем\асд\laba3\x64\Debug\sort_mas.exe" /INCREMENTAL /ILK:"x64\Debug\sort_mas.ilk" /NOLOGO kernel32.lib user32.lib gdi32.lib winspool.lib comdlg32.lib advapi32.lib shell32.lib ole32.lib oleaut32.lib uuid.lib odbc32.lib odbccp32.lib /MANIFEST /MANIFESTUAC:"level='asInvoker' uiAccess='false'" /manifest:embed /DEBUG /PDB:"D:\Денис\2 сем\асд\laba3\x64\Debug\sort_mas.pdb" /SUBSYSTEM:CONSOLE /TLBID:1 /DYNAMICBASE /NXCOMPAT /IMPLIB:"D:\Денис\2 сем\асд\laba3\x64\Debug\sort_mas.lib" /MACHINE:X64 x64\Debug\sort_mas.obj
         sort_mas.vcxproj -> D:\Денис\2 сем\асд\laba3\x64\Debug\sort_mas.exe
       FinalizeBuildStatus:
         Файл "x64\Debug\sort_mas.tlog\unsuccessfulbuild" удаляется.
         Обращение к "x64\Debug\sort_mas.tlog\sort_mas.lastbuildstate".
     1>Сборка проекта "D:\Денис\2 сем\асд\laba3\sort_mas\sort_mas.vcxproj" завершена (целевые объекты Build).

Сборка успешно завершена.

       "D:\Денис\2 сем\асд\laba3\sort_mas\sort_mas.vcxproj" (целевой объект Build ) (1) ->
       (Целевой объект ClCompile) -> 
         D:\Денис\2 сем\асд\laba3\sort_mas\sort_mas.cpp(39,12): warning C4244: аргумент: преобразование "time_t" в "unsigned int", возможна потеря данных

    Предупреждений: 1
    Ошибок: 0

Прошло времени 00:00:00.67
