Сборка начата 17.02.2024 14:57:40.
Уровень детализации журнала: Normal.     1>Проект "D:\Денис\2 сем\асд\laba1\second_method\second_method.vcxproj" в узле 2 (целевые объекты Build).
     1>PrepareForBuild:
         Структурированный вывод включен. Форматирование диагностики компилятора будет отражать иерархию ошибок. Подробнее см. https://aka.ms/cpp/structured-output.
       InitializeBuildStatus:
         Обращение к "x64\Debug\second_method.tlog\unsuccessfulbuild".
       ClCompile:
         C:\Program Files\Microsoft Visual Studio\2022\Community\VC\Tools\MSVC\14.38.33130\bin\HostX64\x64\CL.exe /c /ZI /JMC /nologo /W3 /WX- /diagnostics:column /sdl /Od /D _DEBUG /D _CONSOLE /D _UNICODE /D UNICODE /Gm- /EHsc /RTC1 /MDd /GS /fp:precise /Zc:wchar_t /Zc:forScope /Zc:inline /permissive- /Fo"x64\Debug\\" /Fd"x64\Debug\vc143.pdb" /external:W3 /Gd /TP /FC /errorReport:prompt second_method.cpp
         second_method.cpp
       Link:
         C:\Program Files\Microsoft Visual Studio\2022\Community\VC\Tools\MSVC\14.38.33130\bin\HostX64\x64\link.exe /ERRORREPORT:PROMPT /OUT:"D:\Денис\2 сем\асд\laba1\x64\Debug\second_method.exe" /INCREMENTAL /ILK:"x64\Debug\second_method.ilk" /NOLOGO kernel32.lib user32.lib gdi32.lib winspool.lib comdlg32.lib advapi32.lib shell32.lib ole32.lib oleaut32.lib uuid.lib odbc32.lib odbccp32.lib /MANIFEST /MANIFESTUAC:"level='asInvoker' uiAccess='false'" /manifest:embed /DEBUG /PDB:"D:\Денис\2 сем\асд\laba1\x64\Debug\second_method.pdb" /SUBSYSTEM:CONSOLE /TLBID:1 /DYNAMICBASE /NXCOMPAT /IMPLIB:"D:\Денис\2 сем\асд\laba1\x64\Debug\second_method.lib" /MACHINE:X64 x64\Debug\second_method.obj
         second_method.vcxproj -> D:\Денис\2 сем\асд\laba1\x64\Debug\second_method.exe
       FinalizeBuildStatus:
         Файл "x64\Debug\second_method.tlog\unsuccessfulbuild" удаляется.
         Обращение к "x64\Debug\second_method.tlog\second_method.lastbuildstate".
     1>Сборка проекта "D:\Денис\2 сем\асд\laba1\second_method\second_method.vcxproj" завершена (целевые объекты Build).

Сборка успешно завершена.
    Предупреждений: 0
    Ошибок: 0

Прошло времени 00:00:00.76
